Using pre-set license
Built from '2020.3/staging' branch; Version is '2020.3.37f1 (8c66806a0c04) revision 9201280'; Using compiler version '192528614'; Build Type 'Release'
OS: 'Windows 10  (10.0.19044) 64bit Professional' Language: 'zh' Physical Memory: 16221 MB
BatchMode: 1, IsHumanControllingUs: 0, StartBugReporterOnCrash: 0, Is64bit: 1, IsPro: 0

COMMAND LINE ARGUMENTS:
C:\Program Files\Unity\Hub\Editor\2020.3.37f1\Editor\Unity.exe
-adb2
-batchMode
-noUpm
-name
AssetImportWorker0
-projectPath
D:/Project/Unity/GalGame01
-logFile
Logs/AssetImportWorker0.log
-srvPort
52943
Successfully changed project path to: D:/Project/Unity/GalGame01
D:/Project/Unity/GalGame01
Using Asset Import Pipeline V2.
Refreshing native plugins compatible for Editor in 45.97 ms, found 3 plugins.
Preloading 0 native plugins for Editor in 0.00 ms.
Initialize engine version: 2020.3.37f1 (8c66806a0c04)
[Subsystems] Discovering subsystems at path C:/Program Files/Unity/Hub/Editor/2020.3.37f1/Editor/Data/Resources/UnitySubsystems
[Subsystems] Discovering subsystems at path D:/Project/Unity/GalGame01/Assets
GfxDevice: creating device client; threaded=0
Direct3D:
    Version:  Direct3D 11.0 [level 11.1]
    Renderer: NVIDIA GeForce GTX 1660 Ti (ID=0x2182)
    Vendor:   
    VRAM:     5991 MB
    Driver:   27.21.14.6109
Initialize mono
Mono path[0] = 'C:/Program Files/Unity/Hub/Editor/2020.3.37f1/Editor/Data/Managed'
Mono path[1] = 'C:/Program Files/Unity/Hub/Editor/2020.3.37f1/Editor/Data/MonoBleedingEdge/lib/mono/unityjit'
Mono config path = 'C:/Program Files/Unity/Hub/Editor/2020.3.37f1/Editor/Data/MonoBleedingEdge/etc'
Using monoOptions --debugger-agent=transport=dt_socket,embedding=1,server=y,suspend=n,address=127.0.0.1:56424
Begin MonoManager ReloadAssembly
Registering precompiled unity dll's ...
Register platform support module: C:/Program Files/Unity/Hub/Editor/2020.3.37f1/Editor/Data/PlaybackEngines/WindowsStandaloneSupport/UnityEditor.WindowsStandalone.Extensions.dll
Registered in 0.001625 seconds.
Native extension for WindowsStandalone target not found
Refreshing native plugins compatible for Editor in 38.48 ms, found 3 plugins.
Preloading 0 native plugins for Editor in 0.00 ms.
Mono: successfully reloaded assembly
- Completed reload, in  0.415 seconds
Domain Reload Profiling:
	ReloadAssembly (415ms)
		BeginReloadAssembly (52ms)
			ExecutionOrderSort (0ms)
			DisableScriptedObjects (0ms)
			BackupInstance (0ms)
			ReleaseScriptingObjects (0ms)
			CreateAndSetChildDomain (0ms)
		EndReloadAssembly (317ms)
			LoadAssemblies (51ms)
			RebuildTransferFunctionScriptingTraits (0ms)
			SetupTypeCache (100ms)
			ReleaseScriptCaches (0ms)
			RebuildScriptCaches (21ms)
			SetupLoadedEditorAssemblies (124ms)
				LogAssemblyErrors (0ms)
				InitializePlatformSupportModulesInManaged (3ms)
				SetLoadedEditorAssemblies (0ms)
				RefreshPlugins (39ms)
				BeforeProcessingInitializeOnLoad (12ms)
				ProcessInitializeOnLoadAttributes (53ms)
				ProcessInitializeOnLoadMethodAttributes (17ms)
				AfterProcessingInitializeOnLoad (0ms)
				EditorAssembliesLoaded (0ms)
			ExecutionOrderSort2 (0ms)
			AwakeInstancesAfterBackupRestoration (0ms)
Platform modules already initialized, skipping
Registering precompiled user dll's ...
Registered in 0.004319 seconds.
Begin MonoManager ReloadAssembly
Native extension for WindowsStandalone target not found
Refreshing native plugins compatible for Editor in 40.30 ms, found 3 plugins.
Preloading 0 native plugins for Editor in 0.00 ms.
Mono: successfully reloaded assembly
- Completed reload, in  0.791 seconds
Domain Reload Profiling:
	ReloadAssembly (792ms)
		BeginReloadAssembly (103ms)
			ExecutionOrderSort (0ms)
			DisableScriptedObjects (3ms)
			BackupInstance (0ms)
			ReleaseScriptingObjects (0ms)
			CreateAndSetChildDomain (12ms)
		EndReloadAssembly (650ms)
			LoadAssemblies (83ms)
			RebuildTransferFunctionScriptingTraits (0ms)
			SetupTypeCache (224ms)
			ReleaseScriptCaches (0ms)
			RebuildScriptCaches (38ms)
			SetupLoadedEditorAssemblies (246ms)
				LogAssemblyErrors (0ms)
				InitializePlatformSupportModulesInManaged (2ms)
				SetLoadedEditorAssemblies (0ms)
				RefreshPlugins (40ms)
				BeforeProcessingInitializeOnLoad (58ms)
				ProcessInitializeOnLoadAttributes (127ms)
				ProcessInitializeOnLoadMethodAttributes (14ms)
				AfterProcessingInitializeOnLoad (5ms)
				EditorAssembliesLoaded (0ms)
			ExecutionOrderSort2 (0ms)
			AwakeInstancesAfterBackupRestoration (2ms)
Platform modules already initialized, skipping
========================================================================
Worker process is ready to serve import requests
Launched and connected shader compiler UnityShaderCompiler.exe after 0.03 seconds
Refreshing native plugins compatible for Editor in 0.74 ms, found 3 plugins.
Preloading 0 native plugins for Editor in 0.00 ms.
Unloading 2819 Unused Serialized files (Serialized files now loaded: 0)
System memory in use before: 121.4 MB.
System memory in use after: 121.4 MB.

Unloading 36 unused Assets to reduce memory usage. Loaded Objects now: 3249.
Total: 2.138300 ms (FindLiveObjects: 0.152100 ms CreateObjectMapping: 0.063500 ms MarkObjects: 1.813900 ms  DeleteObjects: 0.108100 ms)

AssetImportParameters requested are different than current active one (requested -> active):
  custom:framework-win-MediaFoundation: 216162199b28c13a410421893ffa2e32 -> 
  custom:video-decoder-ogg-theora: a1e56fd34408186e4bbccfd4996cb3dc -> 
  custom:container-muxer-webm: aa71ff27fc2769a1b78a27578f13a17b -> 
  custom:container-demuxer-webm: 4f35f7cbe854078d1ac9338744f61a02 -> 
  custom:container-demuxer-ogg: 62fdf1f143b41e24485cea50d1cbac27 -> 
  custom:video-encoder-webm-vp8: eb34c28f22e8b96e1ab97ce403110664 -> 
  custom:video-decoder-webm-vp8: 9c59270c3fd7afecdb556c50c9e8de78 -> 
  custom:audio-decoder-ogg-vorbis: bf7c407c2cedff20999df2af8eb42d56 -> 
  custom:audio-encoder-webm-vorbis: bf7c407c2cedff20999df2af8eb42d56 -> 
========================================================================
Received Import Request.
  path: Assets/Utage
  artifactKey: Guid(08d46e2e7e7c02a4daf9bf8a99090ad3) Importer(815301076,1909f56bfc062723c751e8b465ee728b)
Start importing Assets/Utage using Guid(08d46e2e7e7c02a4daf9bf8a99090ad3) Importer(815301076,1909f56bfc062723c751e8b465ee728b)  -> (artifact id: 'f72bb997999db33f938a4391efcfb751') in 0.006198 seconds 
========================================================================
Received Import Request.
  Time since last request: 140.017221 seconds.
  path: Assets/Gal/Gal.unity
  artifactKey: Guid(e2ab8810f4cdb394298b482ba12da8fd) Importer(815301076,1909f56bfc062723c751e8b465ee728b)
Start importing Assets/Gal/Gal.unity using Guid(e2ab8810f4cdb394298b482ba12da8fd) Importer(815301076,1909f56bfc062723c751e8b465ee728b)  -> (artifact id: '7031f9b2fd6c0552c1459fcb07a64e4b') in 0.002286 seconds 
========================================================================
Received Prepare
Registering precompiled user dll's ...
Registered in 0.004682 seconds.
Begin MonoManager ReloadAssembly
Native extension for WindowsStandalone target not found
Refreshing native plugins compatible for Editor in 0.45 ms, found 3 plugins.
Preloading 0 native plugins for Editor in 0.00 ms.
Mono: successfully reloaded assembly
- Completed reload, in  0.707 seconds
Domain Reload Profiling:
	ReloadAssembly (708ms)
		BeginReloadAssembly (94ms)
			ExecutionOrderSort (0ms)
			DisableScriptedObjects (4ms)
			BackupInstance (0ms)
			ReleaseScriptingObjects (0ms)
			CreateAndSetChildDomain (29ms)
		EndReloadAssembly (575ms)
			LoadAssemblies (80ms)
			RebuildTransferFunctionScriptingTraits (0ms)
			SetupTypeCache (217ms)
			ReleaseScriptCaches (1ms)
			RebuildScriptCaches (29ms)
			SetupLoadedEditorAssemblies (201ms)
				LogAssemblyErrors (0ms)
				InitializePlatformSupportModulesInManaged (3ms)
				SetLoadedEditorAssemblies (0ms)
				RefreshPlugins (0ms)
				BeforeProcessingInitializeOnLoad (54ms)
				ProcessInitializeOnLoadAttributes (128ms)
				ProcessInitializeOnLoadMethodAttributes (11ms)
				AfterProcessingInitializeOnLoad (4ms)
				EditorAssembliesLoaded (0ms)
			ExecutionOrderSort2 (0ms)
			AwakeInstancesAfterBackupRestoration (3ms)
Platform modules already initialized, skipping
Refreshing native plugins compatible for Editor in 0.49 ms, found 3 plugins.
Preloading 0 native plugins for Editor in 0.00 ms.
Unloading 2785 Unused Serialized files (Serialized files now loaded: 0)
System memory in use before: 120.3 MB.
System memory in use after: 120.4 MB.

Unloading 25 unused Assets to reduce memory usage. Loaded Objects now: 3252.
Total: 2.123700 ms (FindLiveObjects: 0.157800 ms CreateObjectMapping: 0.067900 ms MarkObjects: 1.808600 ms  DeleteObjects: 0.088500 ms)

AssetImportParameters requested are different than current active one (requested -> active):
  custom:framework-win-MediaFoundation: 216162199b28c13a410421893ffa2e32 -> 
  custom:video-decoder-ogg-theora: a1e56fd34408186e4bbccfd4996cb3dc -> 
  custom:container-muxer-webm: aa71ff27fc2769a1b78a27578f13a17b -> 
  custom:container-demuxer-webm: 4f35f7cbe854078d1ac9338744f61a02 -> 
  custom:container-demuxer-ogg: 62fdf1f143b41e24485cea50d1cbac27 -> 
  custom:video-encoder-webm-vp8: eb34c28f22e8b96e1ab97ce403110664 -> 
  custom:video-decoder-webm-vp8: 9c59270c3fd7afecdb556c50c9e8de78 -> 
  custom:audio-decoder-ogg-vorbis: bf7c407c2cedff20999df2af8eb42d56 -> 
  custom:audio-encoder-webm-vorbis: bf7c407c2cedff20999df2af8eb42d56 -> 
========================================================================
Received Import Request.
  Time since last request: 278.055782 seconds.
  path: Assets/Gal/Gal.scenarios.asset
  artifactKey: Guid(d6437f44389438647a34d848cdd840c1) Importer(815301076,1909f56bfc062723c751e8b465ee728b)
Start importing Assets/Gal/Gal.scenarios.asset using Guid(d6437f44389438647a34d848cdd840c1) Importer(815301076,1909f56bfc062723c751e8b465ee728b)  -> (artifact id: '894677be33180a0ae642a2848bda0900') in 0.033325 seconds 
========================================================================
Received Import Request.
  Time since last request: 0.001394 seconds.
  path: Assets/Utage/Sample/Sample.scenarios.asset
  artifactKey: Guid(b5a107ee46027b04fba2a763c4e4cec8) Importer(815301076,1909f56bfc062723c751e8b465ee728b)
Start importing Assets/Utage/Sample/Sample.scenarios.asset using Guid(b5a107ee46027b04fba2a763c4e4cec8) Importer(815301076,1909f56bfc062723c751e8b465ee728b)  -> (artifact id: '5da8fb2a66bfb0ed3b2873a30128daa1') in 0.045852 seconds 
========================================================================
Received Import Request.
  Time since last request: 0.001478 seconds.
  path: Assets/Utage/SampleOthers/SampleChapter.scenarios.asset
  artifactKey: Guid(b7d61043fd2b0fc4cbd63c89d8414c11) Importer(815301076,1909f56bfc062723c751e8b465ee728b)
Start importing Assets/Utage/SampleOthers/SampleChapter.scenarios.asset using Guid(b7d61043fd2b0fc4cbd63c89d8414c11) Importer(815301076,1909f56bfc062723c751e8b465ee728b)  -> (artifact id: 'e655dd6c4bf601fbe0522169ccc85fe2') in 0.004048 seconds 
========================================================================
Received Import Request.
  Time since last request: 0.001254 seconds.
  path: Assets/Utage/SampleOthers/SampleChapter0AndOther/SampleChapter0.scenarios.asset
  artifactKey: Guid(a3c787149ae6952449f6cd52c2bc194b) Importer(815301076,1909f56bfc062723c751e8b465ee728b)
Start importing Assets/Utage/SampleOthers/SampleChapter0AndOther/SampleChapter0.scenarios.asset using Guid(a3c787149ae6952449f6cd52c2bc194b) Importer(815301076,1909f56bfc062723c751e8b465ee728b)  -> (artifact id: '5a44486236d3badf09ab07a0b45e778f') in 0.004504 seconds 
========================================================================
Received Import Request.
  Time since last request: 89.344510 seconds.
  path: Assets/Utage/Scripts
  artifactKey: Guid(564310a6415579c4eabe9576b4a31a8d) Importer(815301076,1909f56bfc062723c751e8b465ee728b)
Start importing Assets/Utage/Scripts using Guid(564310a6415579c4eabe9576b4a31a8d) Importer(815301076,1909f56bfc062723c751e8b465ee728b)  -> (artifact id: '2c07cf9ac44b1bebf4bd803a745e6cf5') in 0.002168 seconds 
========================================================================
Received Import Request.
  Time since last request: 18.133248 seconds.
  path: Assets/Utage/Sample/ScriptableObject
  artifactKey: Guid(f476396ea6bc8c248985f64d442d72bf) Importer(815301076,1909f56bfc062723c751e8b465ee728b)
Start importing Assets/Utage/Sample/ScriptableObject using Guid(f476396ea6bc8c248985f64d442d72bf) Importer(815301076,1909f56bfc062723c751e8b465ee728b)  -> (artifact id: '353a6c2a7b493964b978c26bc231d56b') in 0.002119 seconds 
========================================================================
Received Import Request.
  Time since last request: 1.187734 seconds.
  path: Assets/Utage/Sample/ScriptableObject/LanguageManager.asset
  artifactKey: Guid(50afd91da9a31dd408f43bab2931aa62) Importer(815301076,1909f56bfc062723c751e8b465ee728b)
Start importing Assets/Utage/Sample/ScriptableObject/LanguageManager.asset using Guid(50afd91da9a31dd408f43bab2931aa62) Importer(815301076,1909f56bfc062723c751e8b465ee728b)  -> (artifact id: '3907c6cdd1cb8fdd1738bf0ab81b25d2') in 0.010261 seconds 
========================================================================
Received Import Request.
  Time since last request: 74.027854 seconds.
  path: Assets/Utage/Sample/ScriptableObject/EmojiData.asset
  artifactKey: Guid(97c75313fe66aad40b3b3f53769adf97) Importer(815301076,1909f56bfc062723c751e8b465ee728b)
Start importing Assets/Utage/Sample/ScriptableObject/EmojiData.asset using Guid(97c75313fe66aad40b3b3f53769adf97) Importer(815301076,1909f56bfc062723c751e8b465ee728b)  -> (artifact id: '9231826ca6cd214018d39829528753d0') in 0.006406 seconds 
========================================================================
Received Import Request.
  Time since last request: 0.487687 seconds.
  path: Assets/Utage/Sample/ScriptableObject/CustomProjectSetting.asset
  artifactKey: Guid(5578a7c1d20463443b1a0369e2099634) Importer(815301076,1909f56bfc062723c751e8b465ee728b)
Start importing Assets/Utage/Sample/ScriptableObject/CustomProjectSetting.asset using Guid(5578a7c1d20463443b1a0369e2099634) Importer(815301076,1909f56bfc062723c751e8b465ee728b)  -> (artifact id: 'a34fea1bf72982ebd194820f32c97c84') in 0.004280 seconds 
========================================================================
Received Import Request.
  Time since last request: 0.503109 seconds.
  path: Assets/Utage/Sample/ScriptableObject/TextSettings.asset
  artifactKey: Guid(8c15578954c00374c8b618b01b321ab6) Importer(815301076,1909f56bfc062723c751e8b465ee728b)
Start importing Assets/Utage/Sample/ScriptableObject/TextSettings.asset using Guid(8c15578954c00374c8b618b01b321ab6) Importer(815301076,1909f56bfc062723c751e8b465ee728b)  -> (artifact id: 'b982c05f05b1482e35b085d890723442') in 0.002704 seconds 
========================================================================
Received Prepare
Registering precompiled user dll's ...
Registered in 0.004211 seconds.
Begin MonoManager ReloadAssembly
Native extension for WindowsStandalone target not found
Refreshing native plugins compatible for Editor in 0.45 ms, found 3 plugins.
Preloading 0 native plugins for Editor in 0.00 ms.
Mono: successfully reloaded assembly
- Completed reload, in  0.723 seconds
Domain Reload Profiling:
	ReloadAssembly (723ms)
		BeginReloadAssembly (96ms)
			ExecutionOrderSort (0ms)
			DisableScriptedObjects (4ms)
			BackupInstance (0ms)
			ReleaseScriptingObjects (0ms)
			CreateAndSetChildDomain (30ms)
		EndReloadAssembly (586ms)
			LoadAssemblies (85ms)
			RebuildTransferFunctionScriptingTraits (0ms)
			SetupTypeCache (226ms)
			ReleaseScriptCaches (1ms)
			RebuildScriptCaches (28ms)
			SetupLoadedEditorAssemblies (204ms)
				LogAssemblyErrors (0ms)
				InitializePlatformSupportModulesInManaged (3ms)
				SetLoadedEditorAssemblies (0ms)
				RefreshPlugins (0ms)
				BeforeProcessingInitializeOnLoad (55ms)
				ProcessInitializeOnLoadAttributes (129ms)
				ProcessInitializeOnLoadMethodAttributes (11ms)
				AfterProcessingInitializeOnLoad (4ms)
				EditorAssembliesLoaded (0ms)
			ExecutionOrderSort2 (0ms)
			AwakeInstancesAfterBackupRestoration (3ms)
Platform modules already initialized, skipping
Refreshing native plugins compatible for Editor in 0.63 ms, found 3 plugins.
Preloading 0 native plugins for Editor in 0.00 ms.
Unloading 2785 Unused Serialized files (Serialized files now loaded: 0)
System memory in use before: 120.4 MB.
System memory in use after: 120.5 MB.

Unloading 25 unused Assets to reduce memory usage. Loaded Objects now: 3255.
Total: 2.276300 ms (FindLiveObjects: 0.168500 ms CreateObjectMapping: 0.069100 ms MarkObjects: 1.940800 ms  DeleteObjects: 0.097300 ms)

AssetImportParameters requested are different than current active one (requested -> active):
  custom:framework-win-MediaFoundation: 216162199b28c13a410421893ffa2e32 -> 
  custom:video-decoder-ogg-theora: a1e56fd34408186e4bbccfd4996cb3dc -> 
  custom:container-muxer-webm: aa71ff27fc2769a1b78a27578f13a17b -> 
  custom:container-demuxer-webm: 4f35f7cbe854078d1ac9338744f61a02 -> 
  custom:container-demuxer-ogg: 62fdf1f143b41e24485cea50d1cbac27 -> 
  custom:video-encoder-webm-vp8: eb34c28f22e8b96e1ab97ce403110664 -> 
  custom:video-decoder-webm-vp8: 9c59270c3fd7afecdb556c50c9e8de78 -> 
  custom:audio-decoder-ogg-vorbis: bf7c407c2cedff20999df2af8eb42d56 -> 
  custom:audio-encoder-webm-vorbis: bf7c407c2cedff20999df2af8eb42d56 -> 
========================================================================
Received Import Request.
  Time since last request: 55.931005 seconds.
  path: Assets/Utage/LocalizeText/ExampleText.txt
  artifactKey: Guid(c7ecc3381c49e164bbb99cd8a81e10bc) Importer(815301076,1909f56bfc062723c751e8b465ee728b)
Start importing Assets/Utage/LocalizeText/ExampleText.txt using Guid(c7ecc3381c49e164bbb99cd8a81e10bc) Importer(815301076,1909f56bfc062723c751e8b465ee728b)  -> (artifact id: 'c96659da88982d6cc6b2c275a4f384f9') in 0.015670 seconds 
========================================================================
Received Import Request.
  Time since last request: 0.905771 seconds.
  path: Assets/Utage/LocalizeText/SystemText.txt
  artifactKey: Guid(5010ad21920cf784f869ab7613106aba) Importer(815301076,1909f56bfc062723c751e8b465ee728b)
Start importing Assets/Utage/LocalizeText/SystemText.txt using Guid(5010ad21920cf784f869ab7613106aba) Importer(815301076,1909f56bfc062723c751e8b465ee728b)  -> (artifact id: '4cccd7d59cae0958c91df35cb25fdd07') in 0.002480 seconds 
========================================================================
Received Import Request.
  Time since last request: 7.891371 seconds.
  path: Assets/Utage/LocalizeText/ErrorMsg.txt
  artifactKey: Guid(60d92a3dc04c1ce4b99ab857eeb3cbf7) Importer(815301076,1909f56bfc062723c751e8b465ee728b)
Start importing Assets/Utage/LocalizeText/ErrorMsg.txt using Guid(60d92a3dc04c1ce4b99ab857eeb3cbf7) Importer(815301076,1909f56bfc062723c751e8b465ee728b)  -> (artifact id: '9e137aea958c994e90dd520606d31b96') in 0.002447 seconds 
========================================================================
Received Import Request.
  Time since last request: 1.202094 seconds.
  path: Assets/Utage/LocalizeText/AdvErrorMsg.txt
  artifactKey: Guid(3e31348d2e72dba418f25dfec36b0688) Importer(815301076,1909f56bfc062723c751e8b465ee728b)
Start importing Assets/Utage/LocalizeText/AdvErrorMsg.txt using Guid(3e31348d2e72dba418f25dfec36b0688) Importer(815301076,1909f56bfc062723c751e8b465ee728b)  -> (artifact id: 'f7f12dbba95e73604d834b056d872806') in 0.002227 seconds 
========================================================================
Received Prepare
Registering precompiled user dll's ...
Registered in 0.004114 seconds.
Begin MonoManager ReloadAssembly
Native extension for WindowsStandalone target not found
Refreshing native plugins compatible for Editor in 0.53 ms, found 3 plugins.
Preloading 0 native plugins for Editor in 0.00 ms.
Mono: successfully reloaded assembly
- Completed reload, in  0.982 seconds
Domain Reload Profiling:
	ReloadAssembly (983ms)
		BeginReloadAssembly (141ms)
			ExecutionOrderSort (0ms)
			DisableScriptedObjects (5ms)
			BackupInstance (0ms)
			ReleaseScriptingObjects (0ms)
			CreateAndSetChildDomain (46ms)
		EndReloadAssembly (783ms)
			LoadAssemblies (134ms)
			RebuildTransferFunctionScriptingTraits (0ms)
			SetupTypeCache (332ms)
			ReleaseScriptCaches (1ms)
			RebuildScriptCaches (37ms)
			SetupLoadedEditorAssemblies (239ms)
				LogAssemblyErrors (0ms)
				InitializePlatformSupportModulesInManaged (4ms)
				SetLoadedEditorAssemblies (0ms)
				RefreshPlugins (1ms)
				BeforeProcessingInitializeOnLoad (64ms)
				ProcessInitializeOnLoadAttributes (153ms)
				ProcessInitializeOnLoadMethodAttributes (12ms)
				AfterProcessingInitializeOnLoad (5ms)
				EditorAssembliesLoaded (0ms)
			ExecutionOrderSort2 (0ms)
			AwakeInstancesAfterBackupRestoration (4ms)
Platform modules already initialized, skipping
Refreshing native plugins compatible for Editor in 0.84 ms, found 3 plugins.
Preloading 0 native plugins for Editor in 0.00 ms.
Unloading 2785 Unused Serialized files (Serialized files now loaded: 0)
System memory in use before: 120.4 MB.
System memory in use after: 120.5 MB.

Unloading 25 unused Assets to reduce memory usage. Loaded Objects now: 3258.
Total: 2.532200 ms (FindLiveObjects: 0.186300 ms CreateObjectMapping: 0.074900 ms MarkObjects: 2.102200 ms  DeleteObjects: 0.167500 ms)

AssetImportParameters requested are different than current active one (requested -> active):
  custom:framework-win-MediaFoundation: 216162199b28c13a410421893ffa2e32 -> 
  custom:video-decoder-ogg-theora: a1e56fd34408186e4bbccfd4996cb3dc -> 
  custom:container-muxer-webm: aa71ff27fc2769a1b78a27578f13a17b -> 
  custom:container-demuxer-webm: 4f35f7cbe854078d1ac9338744f61a02 -> 
  custom:container-demuxer-ogg: 62fdf1f143b41e24485cea50d1cbac27 -> 
  custom:video-encoder-webm-vp8: eb34c28f22e8b96e1ab97ce403110664 -> 
  custom:video-decoder-webm-vp8: 9c59270c3fd7afecdb556c50c9e8de78 -> 
  custom:audio-decoder-ogg-vorbis: bf7c407c2cedff20999df2af8eb42d56 -> 
  custom:audio-encoder-webm-vorbis: bf7c407c2cedff20999df2af8eb42d56 -> 
========================================================================
Received Import Request.
  Time since last request: 131.647018 seconds.
  path: Assets/Utage/LocalizeText
  artifactKey: Guid(fb669aa901513b645841a6255242713b) Importer(815301076,1909f56bfc062723c751e8b465ee728b)
Start importing Assets/Utage/LocalizeText using Guid(fb669aa901513b645841a6255242713b) Importer(815301076,1909f56bfc062723c751e8b465ee728b)  -> (artifact id: 'ecec0d1c59301e40f55190c28719ce72') in 0.007489 seconds 
========================================================================
Received Prepare
Registering precompiled user dll's ...
Registered in 0.004211 seconds.
Begin MonoManager ReloadAssembly
Native extension for WindowsStandalone target not found
Refreshing native plugins compatible for Editor in 0.45 ms, found 3 plugins.
Preloading 0 native plugins for Editor in 0.00 ms.
Mono: successfully reloaded assembly
- Completed reload, in  0.697 seconds
Domain Reload Profiling:
	ReloadAssembly (697ms)
		BeginReloadAssembly (90ms)
			ExecutionOrderSort (0ms)
			DisableScriptedObjects (4ms)
			BackupInstance (0ms)
			ReleaseScriptingObjects (0ms)
			CreateAndSetChildDomain (25ms)
		EndReloadAssembly (569ms)
			LoadAssemblies (82ms)
			RebuildTransferFunctionScriptingTraits (0ms)
			SetupTypeCache (208ms)
			ReleaseScriptCaches (1ms)
			RebuildScriptCaches (28ms)
			SetupLoadedEditorAssemblies (207ms)
				LogAssemblyErrors (0ms)
				InitializePlatformSupportModulesInManaged (3ms)
				SetLoadedEditorAssemblies (0ms)
				RefreshPlugins (0ms)
				BeforeProcessingInitializeOnLoad (55ms)
				ProcessInitializeOnLoadAttributes (133ms)
				ProcessInitializeOnLoadMethodAttributes (11ms)
				AfterProcessingInitializeOnLoad (4ms)
				EditorAssembliesLoaded (0ms)
			ExecutionOrderSort2 (0ms)
			AwakeInstancesAfterBackupRestoration (3ms)
Platform modules already initialized, skipping
Refreshing native plugins compatible for Editor in 0.48 ms, found 3 plugins.
Preloading 0 native plugins for Editor in 0.00 ms.
Unloading 2785 Unused Serialized files (Serialized files now loaded: 0)
System memory in use before: 120.4 MB.
System memory in use after: 120.5 MB.

Unloading 25 unused Assets to reduce memory usage. Loaded Objects now: 3261.
Total: 2.217700 ms (FindLiveObjects: 0.164800 ms CreateObjectMapping: 0.088300 ms MarkObjects: 1.853400 ms  DeleteObjects: 0.110500 ms)

AssetImportParameters requested are different than current active one (requested -> active):
  custom:framework-win-MediaFoundation: 216162199b28c13a410421893ffa2e32 -> 
  custom:video-decoder-ogg-theora: a1e56fd34408186e4bbccfd4996cb3dc -> 
  custom:container-muxer-webm: aa71ff27fc2769a1b78a27578f13a17b -> 
  custom:container-demuxer-webm: 4f35f7cbe854078d1ac9338744f61a02 -> 
  custom:container-demuxer-ogg: 62fdf1f143b41e24485cea50d1cbac27 -> 
  custom:video-encoder-webm-vp8: eb34c28f22e8b96e1ab97ce403110664 -> 
  custom:video-decoder-webm-vp8: 9c59270c3fd7afecdb556c50c9e8de78 -> 
  custom:audio-decoder-ogg-vorbis: bf7c407c2cedff20999df2af8eb42d56 -> 
  custom:audio-encoder-webm-vorbis: bf7c407c2cedff20999df2af8eb42d56 -> 
========================================================================
Received Import Request.
  Time since last request: 11.405155 seconds.
  path: Assets/Scenes/SampleScene.unity
  artifactKey: Guid(2cda990e2423bbf4892e6590ba056729) Importer(815301076,1909f56bfc062723c751e8b465ee728b)
Start importing Assets/Scenes/SampleScene.unity using Guid(2cda990e2423bbf4892e6590ba056729) Importer(815301076,1909f56bfc062723c751e8b465ee728b)  -> (artifact id: '39830e642e86629427d938554181f2fd') in 0.005512 seconds 
========================================================================
Received Import Request.
  Time since last request: 15.067259 seconds.
  path: Assets/Gal/ScriptableObject/LanguageManager.asset
  artifactKey: Guid(48e03d14b0f75414eb8dd4321219b84c) Importer(815301076,1909f56bfc062723c751e8b465ee728b)
Start importing Assets/Gal/ScriptableObject/LanguageManager.asset using Guid(48e03d14b0f75414eb8dd4321219b84c) Importer(815301076,1909f56bfc062723c751e8b465ee728b)  -> (artifact id: '5fa2f7f401ddccb1cab74b0f04143e62') in 0.017159 seconds 
========================================================================
Received Import Request.
  Time since last request: 46.197991 seconds.
  path: Assets/Gal/Resources/Gal
  artifactKey: Guid(b4977052d863c0842826497da422853c) Importer(815301076,1909f56bfc062723c751e8b465ee728b)
Start importing Assets/Gal/Resources/Gal using Guid(b4977052d863c0842826497da422853c) Importer(815301076,1909f56bfc062723c751e8b465ee728b)  -> (artifact id: '3b223c13a390c437046a09917c2a3458') in 0.002512 seconds 
========================================================================
Received Import Request.
  Time since last request: 2.389192 seconds.
  path: Assets/Gal/Resources/Gal/Sound
  artifactKey: Guid(3baf1b50e02af594489d977384290ed8) Importer(815301076,1909f56bfc062723c751e8b465ee728b)
Start importing Assets/Gal/Resources/Gal/Sound using Guid(3baf1b50e02af594489d977384290ed8) Importer(815301076,1909f56bfc062723c751e8b465ee728b)  -> (artifact id: 'd083dc9d35a89c8450416c74207eb690') in 0.001982 seconds 
========================================================================
Received Import Request.
  Time since last request: 0.902571 seconds.
  path: Assets/Gal/Resources/Gal/Movie
  artifactKey: Guid(b108c949cb44c0842ae00311c10ad31d) Importer(815301076,1909f56bfc062723c751e8b465ee728b)
Start importing Assets/Gal/Resources/Gal/Movie using Guid(b108c949cb44c0842ae00311c10ad31d) Importer(815301076,1909f56bfc062723c751e8b465ee728b)  -> (artifact id: '4a2eab05ba7005d6604026fe8e8ca9df') in 0.002374 seconds 
========================================================================
Received Import Request.
  Time since last request: 0.506474 seconds.
  path: Assets/Gal/Resources/Gal/Particle
  artifactKey: Guid(756854bbaaa3f8542930e569eddb48bf) Importer(815301076,1909f56bfc062723c751e8b465ee728b)
Start importing Assets/Gal/Resources/Gal/Particle using Guid(756854bbaaa3f8542930e569eddb48bf) Importer(815301076,1909f56bfc062723c751e8b465ee728b)  -> (artifact id: '327b89cc2d62d2ef6d3a46ad70b009cd') in 0.002152 seconds 
========================================================================
Received Import Request.
  Time since last request: 13.736937 seconds.
  path: Assets/Gal/Gal.unity
  artifactKey: Guid(e2ab8810f4cdb394298b482ba12da8fd) Importer(815301076,1909f56bfc062723c751e8b465ee728b)
Start importing Assets/Gal/Gal.unity using Guid(e2ab8810f4cdb394298b482ba12da8fd) Importer(815301076,1909f56bfc062723c751e8b465ee728b)  -> (artifact id: 'ec28509c9691d5fe10e8a8f936bad776') in 0.001993 seconds 
========================================================================
Received Import Request.
  Time since last request: 6.866788 seconds.
  path: Assets/Gal/GalSettings.lighting
  artifactKey: Guid(37bc4f4cfea48ed429e9a65380e7a090) Importer(815301076,1909f56bfc062723c751e8b465ee728b)
Start importing Assets/Gal/GalSettings.lighting using Guid(37bc4f4cfea48ed429e9a65380e7a090) Importer(815301076,1909f56bfc062723c751e8b465ee728b) LightingSettings: switching bake backend from 1 to 0.
 -> (artifact id: 'f755bed2773c79ef6161a4fe9aed1af7') in 0.003812 seconds 
========================================================================
Received Prepare
Registering precompiled user dll's ...
Registered in 0.004523 seconds.
Begin MonoManager ReloadAssembly
Native extension for WindowsStandalone target not found
Refreshing native plugins compatible for Editor in 0.48 ms, found 3 plugins.
Preloading 0 native plugins for Editor in 0.00 ms.
Mono: successfully reloaded assembly
- Completed reload, in  0.703 seconds
Domain Reload Profiling:
	ReloadAssembly (704ms)
		BeginReloadAssembly (96ms)
			ExecutionOrderSort (0ms)
			DisableScriptedObjects (4ms)
			BackupInstance (0ms)
			ReleaseScriptingObjects (0ms)
			CreateAndSetChildDomain (31ms)
		EndReloadAssembly (567ms)
			LoadAssemblies (82ms)
			RebuildTransferFunctionScriptingTraits (0ms)
			SetupTypeCache (209ms)
			ReleaseScriptCaches (1ms)
			RebuildScriptCaches (26ms)
			SetupLoadedEditorAssemblies (207ms)
				LogAssemblyErrors (0ms)
				InitializePlatformSupportModulesInManaged (3ms)
				SetLoadedEditorAssemblies (0ms)
				RefreshPlugins (1ms)
				BeforeProcessingInitializeOnLoad (53ms)
				ProcessInitializeOnLoadAttributes (134ms)
				ProcessInitializeOnLoadMethodAttributes (11ms)
				AfterProcessingInitializeOnLoad (4ms)
				EditorAssembliesLoaded (0ms)
			ExecutionOrderSort2 (0ms)
			AwakeInstancesAfterBackupRestoration (3ms)
Platform modules already initialized, skipping
Refreshing native plugins compatible for Editor in 0.48 ms, found 3 plugins.
Preloading 0 native plugins for Editor in 0.00 ms.
Unloading 2785 Unused Serialized files (Serialized files now loaded: 0)
System memory in use before: 120.5 MB.
System memory in use after: 120.5 MB.

Unloading 25 unused Assets to reduce memory usage. Loaded Objects now: 3264.
Total: 2.231300 ms (FindLiveObjects: 0.160600 ms CreateObjectMapping: 0.067400 ms MarkObjects: 1.875800 ms  DeleteObjects: 0.126900 ms)

AssetImportParameters requested are different than current active one (requested -> active):
  custom:framework-win-MediaFoundation: 216162199b28c13a410421893ffa2e32 -> 
  custom:video-decoder-ogg-theora: a1e56fd34408186e4bbccfd4996cb3dc -> 
  custom:container-muxer-webm: aa71ff27fc2769a1b78a27578f13a17b -> 
  custom:container-demuxer-webm: 4f35f7cbe854078d1ac9338744f61a02 -> 
  custom:container-demuxer-ogg: 62fdf1f143b41e24485cea50d1cbac27 -> 
  custom:video-encoder-webm-vp8: eb34c28f22e8b96e1ab97ce403110664 -> 
  custom:video-decoder-webm-vp8: 9c59270c3fd7afecdb556c50c9e8de78 -> 
  custom:audio-decoder-ogg-vorbis: bf7c407c2cedff20999df2af8eb42d56 -> 
  custom:audio-encoder-webm-vorbis: bf7c407c2cedff20999df2af8eb42d56 -> 
========================================================================
Received Import Request.
  Time since last request: 151.953543 seconds.
  path: Assets/Utage/Sample/ScriptableObject/LanguageManager.asset
  artifactKey: Guid(50afd91da9a31dd408f43bab2931aa62) Importer(815301076,1909f56bfc062723c751e8b465ee728b)
Start importing Assets/Utage/Sample/ScriptableObject/LanguageManager.asset using Guid(50afd91da9a31dd408f43bab2931aa62) Importer(815301076,1909f56bfc062723c751e8b465ee728b)  -> (artifact id: '8a1fb92cef980cb2882a5578447fe3cd') in 0.019625 seconds 
========================================================================
Received Import Request.
  Time since last request: 0.991523 seconds.
  path: Assets/Utage/Template/ScriptableObject/LanguageManager.asset
  artifactKey: Guid(cc02ba2535c095b4d907872f6a4717ef) Importer(815301076,1909f56bfc062723c751e8b465ee728b)
Start importing Assets/Utage/Template/ScriptableObject/LanguageManager.asset using Guid(cc02ba2535c095b4d907872f6a4717ef) Importer(815301076,1909f56bfc062723c751e8b465ee728b)  -> (artifact id: '67435b2e83eeb9eeb8ef50c762c86388') in 0.004817 seconds 
========================================================================
Received Import Request.
  Time since last request: 78.409665 seconds.
  path: Assets/Utage/ReadMe.txt
  artifactKey: Guid(e27353fa1f6be0241842237397d6e5ba) Importer(815301076,1909f56bfc062723c751e8b465ee728b)
Start importing Assets/Utage/ReadMe.txt using Guid(e27353fa1f6be0241842237397d6e5ba) Importer(815301076,1909f56bfc062723c751e8b465ee728b)  -> (artifact id: 'a98197800cd1ee885121335254b2520f') in 0.004140 seconds 
========================================================================
Received Prepare
Registering precompiled user dll's ...
Registered in 0.004457 seconds.
Begin MonoManager ReloadAssembly
Native extension for WindowsStandalone target not found
Refreshing native plugins compatible for Editor in 0.80 ms, found 3 plugins.
Preloading 0 native plugins for Editor in 0.00 ms.
Mono: successfully reloaded assembly
- Completed reload, in  0.699 seconds
Domain Reload Profiling:
	ReloadAssembly (700ms)
		BeginReloadAssembly (93ms)
			ExecutionOrderSort (0ms)
			DisableScriptedObjects (4ms)
			BackupInstance (0ms)
			ReleaseScriptingObjects (0ms)
			CreateAndSetChildDomain (27ms)
		EndReloadAssembly (566ms)
			LoadAssemblies (85ms)
			RebuildTransferFunctionScriptingTraits (0ms)
			SetupTypeCache (214ms)
			ReleaseScriptCaches (1ms)
			RebuildScriptCaches (26ms)
			SetupLoadedEditorAssemblies (201ms)
				LogAssemblyErrors (0ms)
				InitializePlatformSupportModulesInManaged (3ms)
				SetLoadedEditorAssemblies (0ms)
				RefreshPlugins (1ms)
				BeforeProcessingInitializeOnLoad (53ms)
				ProcessInitializeOnLoadAttributes (127ms)
				ProcessInitializeOnLoadMethodAttributes (11ms)
				AfterProcessingInitializeOnLoad (5ms)
				EditorAssembliesLoaded (0ms)
			ExecutionOrderSort2 (0ms)
			AwakeInstancesAfterBackupRestoration (3ms)
Platform modules already initialized, skipping
Refreshing native plugins compatible for Editor in 0.47 ms, found 3 plugins.
Preloading 0 native plugins for Editor in 0.00 ms.
Unloading 2785 Unused Serialized files (Serialized files now loaded: 0)
System memory in use before: 120.5 MB.
System memory in use after: 120.6 MB.

Unloading 25 unused Assets to reduce memory usage. Loaded Objects now: 3267.
Total: 2.150600 ms (FindLiveObjects: 0.152100 ms CreateObjectMapping: 0.064900 ms MarkObjects: 1.821500 ms  DeleteObjects: 0.111000 ms)

AssetImportParameters requested are different than current active one (requested -> active):
  custom:framework-win-MediaFoundation: 216162199b28c13a410421893ffa2e32 -> 
  custom:video-decoder-ogg-theora: a1e56fd34408186e4bbccfd4996cb3dc -> 
  custom:container-muxer-webm: aa71ff27fc2769a1b78a27578f13a17b -> 
  custom:container-demuxer-webm: 4f35f7cbe854078d1ac9338744f61a02 -> 
  custom:container-demuxer-ogg: 62fdf1f143b41e24485cea50d1cbac27 -> 
  custom:video-encoder-webm-vp8: eb34c28f22e8b96e1ab97ce403110664 -> 
  custom:video-decoder-webm-vp8: 9c59270c3fd7afecdb556c50c9e8de78 -> 
  custom:audio-decoder-ogg-vorbis: bf7c407c2cedff20999df2af8eb42d56 -> 
  custom:audio-encoder-webm-vorbis: bf7c407c2cedff20999df2af8eb42d56 -> 
========================================================================
Received Import Request.
  Time since last request: 23.667256 seconds.
  path: Assets/Utage/Notice.txt
  artifactKey: Guid(8ab6b81abca78d045b0a885c29f8519d) Importer(815301076,1909f56bfc062723c751e8b465ee728b)
Start importing Assets/Utage/Notice.txt using Guid(8ab6b81abca78d045b0a885c29f8519d) Importer(815301076,1909f56bfc062723c751e8b465ee728b)  -> (artifact id: '256e791bce7d4ec04e49d22a704e7f6d') in 0.011031 seconds 
========================================================================
Received Import Request.
  Time since last request: 145.763590 seconds.
  path: Assets/Gal/ScriptableObject/TextSettings.asset
  artifactKey: Guid(12a19dac2daac544e90d3288f010552a) Importer(815301076,1909f56bfc062723c751e8b465ee728b)
Start importing Assets/Gal/ScriptableObject/TextSettings.asset using Guid(12a19dac2daac544e90d3288f010552a) Importer(815301076,1909f56bfc062723c751e8b465ee728b)  -> (artifact id: '51e693a3fe306b6ebde7fd2e79729d09') in 0.002681 seconds 
========================================================================
Received Import Request.
  Time since last request: 0.663190 seconds.
  path: Assets/Gal/ScriptableObject/CustomProjectSetting.asset
  artifactKey: Guid(21b592c9109149b4890436b5dbf068b7) Importer(815301076,1909f56bfc062723c751e8b465ee728b)
Start importing Assets/Gal/ScriptableObject/CustomProjectSetting.asset using Guid(21b592c9109149b4890436b5dbf068b7) Importer(815301076,1909f56bfc062723c751e8b465ee728b)  -> (artifact id: 'a1ca81c6050775dfdb61b1be2bd724b3') in 0.011678 seconds 
========================================================================
Received Import Request.
  Time since last request: 13.153820 seconds.
  path: Assets/Gal/Gal.xls
  artifactKey: Guid(5c2717c7e516c354fac5e4bc76ed8d34) Importer(815301076,1909f56bfc062723c751e8b465ee728b)
Start importing Assets/Gal/Gal.xls using Guid(5c2717c7e516c354fac5e4bc76ed8d34) Importer(815301076,1909f56bfc062723c751e8b465ee728b)  -> (artifact id: '1cd0dba34b60b5878a793d07f14b9554') in 0.005354 seconds 
========================================================================
Received Prepare
Registering precompiled user dll's ...
Registered in 0.004337 seconds.
Begin MonoManager ReloadAssembly
Native extension for WindowsStandalone target not found
Refreshing native plugins compatible for Editor in 0.49 ms, found 3 plugins.
Preloading 0 native plugins for Editor in 0.00 ms.
Mono: successfully reloaded assembly
- Completed reload, in  0.699 seconds
Domain Reload Profiling:
	ReloadAssembly (700ms)
		BeginReloadAssembly (93ms)
			ExecutionOrderSort (0ms)
			DisableScriptedObjects (4ms)
			BackupInstance (0ms)
			ReleaseScriptingObjects (0ms)
			CreateAndSetChildDomain (26ms)
		EndReloadAssembly (567ms)
			LoadAssemblies (83ms)
			RebuildTransferFunctionScriptingTraits (0ms)
			SetupTypeCache (214ms)
			ReleaseScriptCaches (1ms)
			RebuildScriptCaches (26ms)
			SetupLoadedEditorAssemblies (202ms)
				LogAssemblyErrors (0ms)
				InitializePlatformSupportModulesInManaged (3ms)
				SetLoadedEditorAssemblies (0ms)
				RefreshPlugins (1ms)
				BeforeProcessingInitializeOnLoad (54ms)
				ProcessInitializeOnLoadAttributes (127ms)
				ProcessInitializeOnLoadMethodAttributes (11ms)
				AfterProcessingInitializeOnLoad (5ms)
				EditorAssembliesLoaded (0ms)
			ExecutionOrderSort2 (0ms)
			AwakeInstancesAfterBackupRestoration (3ms)
Platform modules already initialized, skipping
Refreshing native plugins compatible for Editor in 0.48 ms, found 3 plugins.
Preloading 0 native plugins for Editor in 0.00 ms.
Unloading 2785 Unused Serialized files (Serialized files now loaded: 0)
System memory in use before: 120.6 MB.
System memory in use after: 120.6 MB.

Unloading 25 unused Assets to reduce memory usage. Loaded Objects now: 3270.
Total: 2.213500 ms (FindLiveObjects: 0.153700 ms CreateObjectMapping: 0.067400 ms MarkObjects: 1.899000 ms  DeleteObjects: 0.092500 ms)

AssetImportParameters requested are different than current active one (requested -> active):
  custom:framework-win-MediaFoundation: 216162199b28c13a410421893ffa2e32 -> 
  custom:video-decoder-ogg-theora: a1e56fd34408186e4bbccfd4996cb3dc -> 
  custom:container-muxer-webm: aa71ff27fc2769a1b78a27578f13a17b -> 
  custom:container-demuxer-webm: 4f35f7cbe854078d1ac9338744f61a02 -> 
  custom:container-demuxer-ogg: 62fdf1f143b41e24485cea50d1cbac27 -> 
  custom:video-encoder-webm-vp8: eb34c28f22e8b96e1ab97ce403110664 -> 
  custom:video-decoder-webm-vp8: 9c59270c3fd7afecdb556c50c9e8de78 -> 
  custom:audio-decoder-ogg-vorbis: bf7c407c2cedff20999df2af8eb42d56 -> 
  custom:audio-encoder-webm-vorbis: bf7c407c2cedff20999df2af8eb42d56 -> 
========================================================================
Received Prepare
Registering precompiled user dll's ...
Registered in 0.004437 seconds.
Begin MonoManager ReloadAssembly
Native extension for WindowsStandalone target not found
Refreshing native plugins compatible for Editor in 0.46 ms, found 3 plugins.
Preloading 0 native plugins for Editor in 0.00 ms.
Mono: successfully reloaded assembly
- Completed reload, in  0.722 seconds
Domain Reload Profiling:
	ReloadAssembly (722ms)
		BeginReloadAssembly (94ms)
			ExecutionOrderSort (0ms)
			DisableScriptedObjects (4ms)
			BackupInstance (0ms)
			ReleaseScriptingObjects (0ms)
			CreateAndSetChildDomain (26ms)
		EndReloadAssembly (587ms)
			LoadAssemblies (86ms)
			RebuildTransferFunctionScriptingTraits (0ms)
			SetupTypeCache (219ms)
			ReleaseScriptCaches (1ms)
			RebuildScriptCaches (29ms)
			SetupLoadedEditorAssemblies (207ms)
				LogAssemblyErrors (0ms)
				InitializePlatformSupportModulesInManaged (3ms)
				SetLoadedEditorAssemblies (0ms)
				RefreshPlugins (1ms)
				BeforeProcessingInitializeOnLoad (61ms)
				ProcessInitializeOnLoadAttributes (127ms)
				ProcessInitializeOnLoadMethodAttributes (10ms)
				AfterProcessingInitializeOnLoad (5ms)
				EditorAssembliesLoaded (0ms)
			ExecutionOrderSort2 (0ms)
			AwakeInstancesAfterBackupRestoration (3ms)
Platform modules already initialized, skipping
Refreshing native plugins compatible for Editor in 0.48 ms, found 3 plugins.
Preloading 0 native plugins for Editor in 0.00 ms.
Unloading 2785 Unused Serialized files (Serialized files now loaded: 0)
System memory in use before: 120.6 MB.
System memory in use after: 120.6 MB.

Unloading 25 unused Assets to reduce memory usage. Loaded Objects now: 3273.
Total: 2.249100 ms (FindLiveObjects: 0.160200 ms CreateObjectMapping: 0.100300 ms MarkObjects: 1.865900 ms  DeleteObjects: 0.121700 ms)

AssetImportParameters requested are different than current active one (requested -> active):
  custom:framework-win-MediaFoundation: 216162199b28c13a410421893ffa2e32 -> 
  custom:video-decoder-ogg-theora: a1e56fd34408186e4bbccfd4996cb3dc -> 
  custom:container-muxer-webm: aa71ff27fc2769a1b78a27578f13a17b -> 
  custom:container-demuxer-webm: 4f35f7cbe854078d1ac9338744f61a02 -> 
  custom:container-demuxer-ogg: 62fdf1f143b41e24485cea50d1cbac27 -> 
  custom:video-encoder-webm-vp8: eb34c28f22e8b96e1ab97ce403110664 -> 
  custom:video-decoder-webm-vp8: 9c59270c3fd7afecdb556c50c9e8de78 -> 
  custom:audio-decoder-ogg-vorbis: bf7c407c2cedff20999df2af8eb42d56 -> 
  custom:audio-encoder-webm-vorbis: bf7c407c2cedff20999df2af8eb42d56 -> 
========================================================================
Received Prepare
Registering precompiled user dll's ...
Registered in 0.004407 seconds.
Begin MonoManager ReloadAssembly
Native extension for WindowsStandalone target not found
Refreshing native plugins compatible for Editor in 0.45 ms, found 3 plugins.
Preloading 0 native plugins for Editor in 0.00 ms.
Mono: successfully reloaded assembly
- Completed reload, in  0.706 seconds
Domain Reload Profiling:
	ReloadAssembly (707ms)
		BeginReloadAssembly (92ms)
			ExecutionOrderSort (0ms)
			DisableScriptedObjects (4ms)
			BackupInstance (0ms)
			ReleaseScriptingObjects (0ms)
			CreateAndSetChildDomain (26ms)
		EndReloadAssembly (575ms)
			LoadAssemblies (83ms)
			RebuildTransferFunctionScriptingTraits (0ms)
			SetupTypeCache (212ms)
			ReleaseScriptCaches (1ms)
			RebuildScriptCaches (28ms)
			SetupLoadedEditorAssemblies (209ms)
				LogAssemblyErrors (0ms)
				InitializePlatformSupportModulesInManaged (3ms)
				SetLoadedEditorAssemblies (0ms)
				RefreshPlugins (0ms)
				BeforeProcessingInitializeOnLoad (58ms)
				ProcessInitializeOnLoadAttributes (132ms)
				ProcessInitializeOnLoadMethodAttributes (10ms)
				AfterProcessingInitializeOnLoad (5ms)
				EditorAssembliesLoaded (0ms)
			ExecutionOrderSort2 (0ms)
			AwakeInstancesAfterBackupRestoration (3ms)
Platform modules already initialized, skipping
Refreshing native plugins compatible for Editor in 0.55 ms, found 3 plugins.
Preloading 0 native plugins for Editor in 0.00 ms.
Unloading 2785 Unused Serialized files (Serialized files now loaded: 0)
System memory in use before: 120.6 MB.
System memory in use after: 120.6 MB.

Unloading 25 unused Assets to reduce memory usage. Loaded Objects now: 3276.
Total: 2.264000 ms (FindLiveObjects: 0.200100 ms CreateObjectMapping: 0.075300 ms MarkObjects: 1.886800 ms  DeleteObjects: 0.101000 ms)

AssetImportParameters requested are different than current active one (requested -> active):
  custom:framework-win-MediaFoundation: 216162199b28c13a410421893ffa2e32 -> 
  custom:video-decoder-ogg-theora: a1e56fd34408186e4bbccfd4996cb3dc -> 
  custom:container-muxer-webm: aa71ff27fc2769a1b78a27578f13a17b -> 
  custom:container-demuxer-webm: 4f35f7cbe854078d1ac9338744f61a02 -> 
  custom:container-demuxer-ogg: 62fdf1f143b41e24485cea50d1cbac27 -> 
  custom:video-encoder-webm-vp8: eb34c28f22e8b96e1ab97ce403110664 -> 
  custom:video-decoder-webm-vp8: 9c59270c3fd7afecdb556c50c9e8de78 -> 
  custom:audio-decoder-ogg-vorbis: bf7c407c2cedff20999df2af8eb42d56 -> 
  custom:audio-encoder-webm-vorbis: bf7c407c2cedff20999df2af8eb42d56 -> 
========================================================================
Received Import Request.
  Time since last request: 1082.517739 seconds.
  path: Assets/Gal/ScriptableObject/LanguageManager.asset
  artifactKey: Guid(48e03d14b0f75414eb8dd4321219b84c) Importer(815301076,1909f56bfc062723c751e8b465ee728b)
Start importing Assets/Gal/ScriptableObject/LanguageManager.asset using Guid(48e03d14b0f75414eb8dd4321219b84c) Importer(815301076,1909f56bfc062723c751e8b465ee728b)  -> (artifact id: '94f00d048445334451f2a6ac471c11c7') in 0.021151 seconds 
AssetImportWorkerClient::OnTransportError - code=2 error=End of file
